Using pre-set license
Built from '2021.3/staging' branch; Version is '2021.3.21f1 (1b156197d683) revision 1774945'; Using compiler version '192829333'; Build Type 'Release'
OS: 'Windows 11  (10.0.22000) 64bit CoreSingleLanguage' Language: 'en' Physical Memory: 6021 MB
BatchMode: 1, IsHumanControllingUs: 0, StartBugReporterOnCrash: 0, Is64bit: 1, IsPro: 1

COMMAND LINE ARGUMENTS:
C:\Users\mohit\2021.3.21f1\Editor\Unity.exe
-adb2
-batchMode
-noUpm
-name
AssetImportWorker9
-projectPath
C:/Users/mohit/winner
-logFile
Logs/AssetImportWorker9.log
-srvPort
53009
Successfully changed project path to: C:/Users/mohit/winner
C:/Users/mohit/winner
[UnityMemory] Configuration Parameters - Can be set up in boot.config
    "memorysetup-bucket-allocator-granularity=16"
    "memorysetup-bucket-allocator-bucket-count=8"
    "memorysetup-bucket-allocator-block-size=33554432"
    "memorysetup-bucket-allocator-block-count=8"
    "memorysetup-main-allocator-block-size=16777216"
    "memorysetup-thread-allocator-block-size=16777216"
    "memorysetup-gfx-main-allocator-block-size=16777216"
    "memorysetup-gfx-thread-allocator-block-size=16777216"
    "memorysetup-cache-allocator-block-size=4194304"
    "memorysetup-typetree-allocator-block-size=2097152"
    "memorysetup-profiler-bucket-allocator-granularity=16"
    "memorysetup-profiler-bucket-allocator-bucket-count=8"
    "memorysetup-profiler-bucket-allocator-block-size=33554432"
    "memorysetup-profiler-bucket-allocator-block-count=8"
    "memorysetup-profiler-allocator-block-size=16777216"
    "memorysetup-profiler-editor-allocator-block-size=1048576"
    "memorysetup-temp-allocator-size-main=16777216"
    "memorysetup-job-temp-allocator-block-size=2097152"
    "memorysetup-job-temp-allocator-block-size-background=1048576"
    "memorysetup-job-temp-allocator-reduction-small-platforms=262144"
    "memorysetup-temp-allocator-size-background-worker=32768"
    "memorysetup-temp-allocator-size-job-worker=262144"
    "memorysetup-temp-allocator-size-preload-manager=33554432"
    "memorysetup-temp-allocator-size-nav-mesh-worker=65536"
    "memorysetup-temp-allocator-size-audio-worker=65536"
    "memorysetup-temp-allocator-size-cloud-worker=32768"
    "memorysetup-temp-allocator-size-gi-baking-worker=262144"
    "memorysetup-temp-allocator-size-gfx=262144"
Player connection [15372] Host "[IP] 10.10.4.145 [Port] 0 [Flags] 2 [Guid] 2300335671 [EditorId] 2300335671 [Version] 1048832 [Id] WindowsEditor(7,LAPTOP-J7FGFE1J) [Debug] 1 [PackageName] WindowsEditor [ProjectName] Editor" joined multi-casting on [225.0.0.222:54997]...

Player connection [15372] Host "[IP] 10.10.4.145 [Port] 0 [Flags] 2 [Guid] 2300335671 [EditorId] 2300335671 [Version] 1048832 [Id] WindowsEditor(7,LAPTOP-J7FGFE1J) [Debug] 1 [PackageName] WindowsEditor [ProjectName] Editor" joined alternative multi-casting on [225.0.0.222:34997]...

Refreshing native plugins compatible for Editor in 222.54 ms, found 3 plugins.
Preloading 0 native plugins for Editor in 0.00 ms.
Initialize engine version: 2021.3.21f1 (1b156197d683)
[Subsystems] Discovering subsystems at path C:/Users/mohit/2021.3.21f1/Editor/Data/Resources/UnitySubsystems
[Subsystems] Discovering subsystems at path C:/Users/mohit/winner/Assets
GfxDevice: creating device client; threaded=0; jobified=0
Direct3D:
    Version:  Direct3D 11.0 [level 11.1]
    Renderer: NVIDIA GeForce GTX 1650 (ID=0x1f91)
    Vendor:   NVIDIA
    VRAM:     3962 MB
    Driver:   30.0.14.7247
Initialize mono
Mono path[0] = 'C:/Users/mohit/2021.3.21f1/Editor/Data/Managed'
Mono path[1] = 'C:/Users/mohit/2021.3.21f1/Editor/Data/MonoBleedingEdge/lib/mono/unityjit-win32'
Mono config path = 'C:/Users/mohit/2021.3.21f1/Editor/Data/MonoBleedingEdge/etc'
Using monoOptions --debugger-agent=transport=dt_socket,embedding=1,server=y,suspend=n,address=127.0.0.1:56184
Begin MonoManager ReloadAssembly
Registering precompiled unity dll's ...
Register platform support module: C:/Users/mohit/2021.3.21f1/Editor/Data/PlaybackEngines/AndroidPlayer/UnityEditor.Android.Extensions.dll
Register platform support module: C:/Users/mohit/2021.3.21f1/Editor/Data/PlaybackEngines/WindowsStandaloneSupport/UnityEditor.WindowsStandalone.Extensions.dll
Registered in 0.027713 seconds.
Native extension for WindowsStandalone target not found
Native extension for Android target not found
Android Extension - Scanning For ADB Devices 1236 ms
Refreshing native plugins compatible for Editor in 239.10 ms, found 3 plugins.
Preloading 0 native plugins for Editor in 0.00 ms.
Mono: successfully reloaded assembly
- Completed reload, in  3.449 seconds
Domain Reload Profiling:
	ReloadAssembly (3450ms)
		BeginReloadAssembly (335ms)
			ExecutionOrderSort (0ms)
			DisableScriptedObjects (0ms)
			BackupInstance (0ms)
			ReleaseScriptingObjects (0ms)
			CreateAndSetChildDomain (2ms)
		EndReloadAssembly (2771ms)
			LoadAssemblies (328ms)
			RebuildTransferFunctionScriptingTraits (0ms)
			SetupTypeCache (381ms)
			ReleaseScriptCaches (0ms)
			RebuildScriptCaches (94ms)
			SetupLoadedEditorAssemblies (2126ms)
				LogAssemblyErrors (0ms)
				InitializePlatformSupportModulesInManaged (1467ms)
				SetLoadedEditorAssemblies (1ms)
				RefreshPlugins (239ms)
				BeforeProcessingInitializeOnLoad (6ms)
				ProcessInitializeOnLoadAttributes (292ms)
				ProcessInitializeOnLoadMethodAttributes (120ms)
				AfterProcessingInitializeOnLoad (0ms)
				EditorAssembliesLoaded (0ms)
			ExecutionOrderSort2 (0ms)
			AwakeInstancesAfterBackupRestoration (0ms)
Platform modules already initialized, skipping
Registering precompiled user dll's ...
Registered in 0.019029 seconds.
Begin MonoManager ReloadAssembly
Symbol file LoadedFromMemory doesn't match image C:\Users\mohit\winner\Library\PackageCache\com.unity.visualscripting@1.8.0\Editor\VisualScripting.Core\Dependencies\YamlDotNet\Unity.VisualScripting.YamlDotNet.dll
Symbol file LoadedFromMemory doesn't match image C:\Users\mohit\winner\Library\PackageCache\com.unity.visualscripting@1.8.0\Editor\VisualScripting.Core\Dependencies\DotNetZip\Unity.VisualScripting.IonicZip.dll
Native extension for WindowsStandalone target not found
Native extension for Android target not found
Refreshing native plugins compatible for Editor in 1.25 ms, found 3 plugins.
Preloading 0 native plugins for Editor in 0.00 ms.
Package Manager log level set to [2]
Mono: successfully reloaded assembly
- Completed reload, in  5.580 seconds
Domain Reload Profiling:
	ReloadAssembly (5583ms)
		BeginReloadAssembly (445ms)
			ExecutionOrderSort (0ms)
			DisableScriptedObjects (21ms)
			BackupInstance (0ms)
			ReleaseScriptingObjects (0ms)
			CreateAndSetChildDomain (67ms)
		EndReloadAssembly (4756ms)
			LoadAssemblies (407ms)
			RebuildTransferFunctionScriptingTraits (0ms)
			SetupTypeCache (874ms)
			ReleaseScriptCaches (2ms)
			RebuildScriptCaches (145ms)
			SetupLoadedEditorAssemblies (3263ms)
				LogAssemblyErrors (0ms)
				InitializePlatformSupportModulesInManaged (54ms)
				SetLoadedEditorAssemblies (1ms)
				RefreshPlugins (1ms)
				BeforeProcessingInitializeOnLoad (199ms)
				ProcessInitializeOnLoadAttributes (2906ms)
				ProcessInitializeOnLoadMethodAttributes (68ms)
				AfterProcessingInitializeOnLoad (33ms)
				EditorAssembliesLoaded (0ms)
			ExecutionOrderSort2 (0ms)
			AwakeInstancesAfterBackupRestoration (15ms)
Platform modules already initialized, skipping
========================================================================
Worker process is ready to serve import requests
Launched and connected shader compiler UnityShaderCompiler.exe after 2.39 seconds
Refreshing native plugins compatible for Editor in 1.58 ms, found 3 plugins.
Preloading 0 native plugins for Editor in 0.00 ms.
Unloading 3154 Unused Serialized files (Serialized files now loaded: 0)
Unloading 25 unused Assets / (113.8 KB). Loaded Objects now: 3623.
Memory consumption went from 111.8 MB to 111.7 MB.
Total: 8.832600 ms (FindLiveObjects: 0.921800 ms CreateObjectMapping: 0.532600 ms MarkObjects: 6.979100 ms  DeleteObjects: 0.395900 ms)

AssetImportParameters requested are different than current active one (requested -> active):
  custom:video-decoder-ogg-theora: a1e56fd34408186e4bbccfd4996cb3dc -> 
  custom:container-muxer-webm: aa71ff27fc2769a1b78a27578f13a17b -> 
  custom:container-demuxer-webm: 4f35f7cbe854078d1ac9338744f61a02 -> 
  custom:video-encoder-webm-vp8: eb34c28f22e8b96e1ab97ce403110664 -> 
  custom:video-codec-MediaFoundation-h265: 746d11721c4dcdbdad8f713fa42b33f4 -> 
  custom:audio-encoder-webm-vorbis: bf7c407c2cedff20999df2af8eb42d56 -> 
  custom:framework-win-MediaFoundation: 216162199b28c13a410421893ffa2e32 -> 
  custom:container-demuxer-ogg: 62fdf1f143b41e24485cea50d1cbac27 -> 
  custom:video-decoder-webm-vp8: 9c59270c3fd7afecdb556c50c9e8de78 -> 
  custom:audio-decoder-ogg-vorbis: bf7c407c2cedff20999df2af8eb42d56 -> 
========================================================================
Received Import Request.
  Time since last request: 37434.583754 seconds.
  path: Assets/Nimikko_MovieTheatre/Prefabs/Popcorn_02.prefab
  artifactKey: Guid(6aadb79bbb0246a489b089b4deb0c6d4) Importer(815301076,1909f56bfc062723c751e8b465ee728b)
Start importing Assets/Nimikko_MovieTheatre/Prefabs/Popcorn_02.prefab using Guid(6aadb79bbb0246a489b089b4deb0c6d4) Importer(815301076,1909f56bfc062723c751e8b465ee728b)  -> (artifact id: 'c2beea05d90c7523f7433f41eb2da557') in 9.315968 seconds 
========================================================================
Received Import Request.
  Time since last request: 0.000097 seconds.
  path: Assets/Nimikko_MovieTheatre/Prefabs/RopeStand_Single.prefab
  artifactKey: Guid(501a90036625cdb459b7dcb4291d3f00) Importer(815301076,1909f56bfc062723c751e8b465ee728b)
Start importing Assets/Nimikko_MovieTheatre/Prefabs/RopeStand_Single.prefab using Guid(501a90036625cdb459b7dcb4291d3f00) Importer(815301076,1909f56bfc062723c751e8b465ee728b)  -> (artifact id: 'bec457d7cf08e7e756b7c20c922f17d7') in 4.244370 seconds 
========================================================================
Received Import Request.
  Time since last request: 0.000077 seconds.
  path: Assets/Nimikko_MovieTheatre/Prefabs/AdStand_01 Variant 1.prefab
  artifactKey: Guid(6e45c429f87d48642b2e310b7d341904) Importer(815301076,1909f56bfc062723c751e8b465ee728b)
Start importing Assets/Nimikko_MovieTheatre/Prefabs/AdStand_01 Variant 1.prefab using Guid(6e45c429f87d48642b2e310b7d341904) Importer(815301076,1909f56bfc062723c751e8b465ee728b)  -> (artifact id: '2685138b3f82955b22dc084b654bae55') in 4.204930 seconds 
========================================================================
Received Import Request.
  Time since last request: 0.000134 seconds.
  path: Assets/Nimikko_MovieTheatre/Prefabs/CinemaChair_OneSided.prefab
  artifactKey: Guid(08fb0e8f2dbd42f4aa38bf916ea6fc0a) Importer(815301076,1909f56bfc062723c751e8b465ee728b)
Start importing Assets/Nimikko_MovieTheatre/Prefabs/CinemaChair_OneSided.prefab using Guid(08fb0e8f2dbd42f4aa38bf916ea6fc0a) Importer(815301076,1909f56bfc062723c751e8b465ee728b)  -> (artifact id: '5c1c0b492b6a2be7dac61c4a3abde410') in 1.664221 seconds 
========================================================================
Received Import Request.
  Time since last request: 0.000124 seconds.
  path: Assets/Nimikko_MovieTheatre/Prefabs/PaperCup_Lid.prefab
  artifactKey: Guid(a0f9336d5bff97548860fef564a7a588) Importer(815301076,1909f56bfc062723c751e8b465ee728b)
Start importing Assets/Nimikko_MovieTheatre/Prefabs/PaperCup_Lid.prefab using Guid(a0f9336d5bff97548860fef564a7a588) Importer(815301076,1909f56bfc062723c751e8b465ee728b)  -> (artifact id: '04108de2599803fea518329ea857e081') in 1.186985 seconds 
========================================================================
Received Import Request.
  Time since last request: 0.000086 seconds.
  path: Assets/Nimikko_MovieTheatre/Prefabs/RopeStand_Double.prefab
  artifactKey: Guid(87dbd8f8c7fcaf746a2840979468f0f9) Importer(815301076,1909f56bfc062723c751e8b465ee728b)
Start importing Assets/Nimikko_MovieTheatre/Prefabs/RopeStand_Double.prefab using Guid(87dbd8f8c7fcaf746a2840979468f0f9) Importer(815301076,1909f56bfc062723c751e8b465ee728b)  -> (artifact id: '92f9ee92150d07f1b715026f5b4284e4') in 1.090005 seconds 
========================================================================
Received Import Request.
  Time since last request: 0.036035 seconds.
  path: Assets/Nimikko_MovieTheatre/Prefabs/RopeStand_Half.prefab
  artifactKey: Guid(09b3c3abfd5c4434a8c00dd9da1beba7) Importer(815301076,1909f56bfc062723c751e8b465ee728b)
Start importing Assets/Nimikko_MovieTheatre/Prefabs/RopeStand_Half.prefab using Guid(09b3c3abfd5c4434a8c00dd9da1beba7) Importer(815301076,1909f56bfc062723c751e8b465ee728b)  -> (artifact id: 'b08866583149ea4b3ca552e4f06973ab') in 1.194133 seconds 
========================================================================
Received Import Request.
  Time since last request: 0.000112 seconds.
  path: Assets/Nimikko_MovieTheatre/Prefabs/CinemaChair.prefab
  artifactKey: Guid(c8da3704bdd82a54daeecfcb5b342cea) Importer(815301076,1909f56bfc062723c751e8b465ee728b)
Start importing Assets/Nimikko_MovieTheatre/Prefabs/CinemaChair.prefab using Guid(c8da3704bdd82a54daeecfcb5b342cea) Importer(815301076,1909f56bfc062723c751e8b465ee728b)  -> (artifact id: 'eae7c61f81825de0f98b87a361182fac') in 2.902161 seconds 
========================================================================
Received Import Request.
  Time since last request: 0.003940 seconds.
  path: Assets/Nimikko_MovieTheatre/Prefabs/CeilingDeco.prefab
  artifactKey: Guid(5e01e0de5a3e0e648938166f973d768b) Importer(815301076,1909f56bfc062723c751e8b465ee728b)
Start importing Assets/Nimikko_MovieTheatre/Prefabs/CeilingDeco.prefab using Guid(5e01e0de5a3e0e648938166f973d768b) Importer(815301076,1909f56bfc062723c751e8b465ee728b)  -> (artifact id: '36d480aab771e1e3e4f46bccb21653a1') in 3.254919 seconds 
========================================================================
Received Import Request.
  Time since last request: 0.000083 seconds.
  path: Assets/Nimikko_MovieTheatre/Prefabs/Popcorn.prefab
  artifactKey: Guid(eac96783a918fe949b6b548c83d4618c) Importer(815301076,1909f56bfc062723c751e8b465ee728b)
Start importing Assets/Nimikko_MovieTheatre/Prefabs/Popcorn.prefab using Guid(eac96783a918fe949b6b548c83d4618c) Importer(815301076,1909f56bfc062723c751e8b465ee728b)  -> (artifact id: 'dfe80b7afc71bda9ae33b1d6af9d7c12') in 1.273907 seconds 
========================================================================
Received Import Request.
  Time since last request: 0.000159 seconds.
  path: Assets/Nimikko_MovieTheatre/Prefabs/Curtain.prefab
  artifactKey: Guid(3247da7c9bdad7a4188d35d0a57f9bc5) Importer(815301076,1909f56bfc062723c751e8b465ee728b)
Start importing Assets/Nimikko_MovieTheatre/Prefabs/Curtain.prefab using Guid(3247da7c9bdad7a4188d35d0a57f9bc5) Importer(815301076,1909f56bfc062723c751e8b465ee728b)  -> (artifact id: '0a2d7944b3048f61a5b85ea1a5f9f158') in 2.287797 seconds 
========================================================================
Received Import Request.
  Time since last request: 0.000118 seconds.
  path: Assets/Nimikko_MovieTheatre/Prefabs/Counter_01_Corner_Smooth.prefab
  artifactKey: Guid(7ced5da983565fb448f711cdbd2da8ed) Importer(815301076,1909f56bfc062723c751e8b465ee728b)
Start importing Assets/Nimikko_MovieTheatre/Prefabs/Counter_01_Corner_Smooth.prefab using Guid(7ced5da983565fb448f711cdbd2da8ed) Importer(815301076,1909f56bfc062723c751e8b465ee728b)  -> (artifact id: 'ba7031e56af0a4f1b8a8fe3d83fe3bb4') in 4.111491 seconds 
========================================================================
Received Import Request.
  Time since last request: 0.000684 seconds.
  path: Assets/Nimikko_MovieTheatre/Prefabs/CinemaChair_Onesided_Closed.prefab
  artifactKey: Guid(c5365a35c5fe84b419178721d3429295) Importer(815301076,1909f56bfc062723c751e8b465ee728b)
Start importing Assets/Nimikko_MovieTheatre/Prefabs/CinemaChair_Onesided_Closed.prefab using Guid(c5365a35c5fe84b419178721d3429295) Importer(815301076,1909f56bfc062723c751e8b465ee728b)  -> (artifact id: '99b7c154e9d6679bdf484d645c29199f') in 1.021171 seconds 
========================================================================
Received Import Request.
  Time since last request: 0.000074 seconds.
  path: Assets/Nimikko_MovieTheatre/Prefabs/Monitor_27.prefab
  artifactKey: Guid(4d4acea685496f64ca8398b23d7c5263) Importer(815301076,1909f56bfc062723c751e8b465ee728b)
Start importing Assets/Nimikko_MovieTheatre/Prefabs/Monitor_27.prefab using Guid(4d4acea685496f64ca8398b23d7c5263) Importer(815301076,1909f56bfc062723c751e8b465ee728b)  -> (artifact id: 'ba374b44f62bc3136e4f42d6bd258a8c') in 3.617222 seconds 
========================================================================
Received Import Request.
  Time since last request: 0.000101 seconds.
  path: Assets/Nimikko_MovieTheatre/Prefabs/AdStand_01.prefab
  artifactKey: Guid(ab3968dd70b16934288061f8ed35cefa) Importer(815301076,1909f56bfc062723c751e8b465ee728b)
Start importing Assets/Nimikko_MovieTheatre/Prefabs/AdStand_01.prefab using Guid(ab3968dd70b16934288061f8ed35cefa) Importer(815301076,1909f56bfc062723c751e8b465ee728b)  -> (artifact id: '089944fbef8abd67100b7dd332955042') in 0.557817 seconds 
========================================================================
Received Import Request.
  Time since last request: 0.000105 seconds.
  path: Assets/Nimikko_MovieTheatre/Prefabs/LobbyChair_01.prefab
  artifactKey: Guid(82c3271de332d7b4f9028527a3c8de1e) Importer(815301076,1909f56bfc062723c751e8b465ee728b)
Start importing Assets/Nimikko_MovieTheatre/Prefabs/LobbyChair_01.prefab using Guid(82c3271de332d7b4f9028527a3c8de1e) Importer(815301076,1909f56bfc062723c751e8b465ee728b)  -> (artifact id: '129cf6ec73b80ceaa25fd632e56ba80b') in 1.349237 seconds 
========================================================================
Received Import Request.
  Time since last request: 0.000078 seconds.
  path: Assets/Nimikko_MovieTheatre/Prefabs/Counter_01_withShelf.prefab
  artifactKey: Guid(0f1906de805df5d489c31aecf9e82f1a) Importer(815301076,1909f56bfc062723c751e8b465ee728b)
Start importing Assets/Nimikko_MovieTheatre/Prefabs/Counter_01_withShelf.prefab using Guid(0f1906de805df5d489c31aecf9e82f1a) Importer(815301076,1909f56bfc062723c751e8b465ee728b)  -> (artifact id: 'f0263b77ccede627a57e31ecd148ba79') in 0.999775 seconds 
========================================================================
Received Import Request.
  Time since last request: 0.000113 seconds.
  path: Assets/Nimikko_MovieTheatre/Prefabs/PopcornMachine.prefab
  artifactKey: Guid(5a7ba7efa82bf79449943c50f65c2268) Importer(815301076,1909f56bfc062723c751e8b465ee728b)
Start importing Assets/Nimikko_MovieTheatre/Prefabs/PopcornMachine.prefab using Guid(5a7ba7efa82bf79449943c50f65c2268) Importer(815301076,1909f56bfc062723c751e8b465ee728b)  -> (artifact id: 'd7252b413af7e44d238ff7b196c6288a') in 2.143923 seconds 
========================================================================
Received Import Request.
  Time since last request: 0.000120 seconds.
  path: Assets/Nimikko_MovieTheatre/Prefabs/Platform_01_Slanted.prefab
  artifactKey: Guid(ebde7171c16d12048952ec5ec891547f) Importer(815301076,1909f56bfc062723c751e8b465ee728b)
Start importing Assets/Nimikko_MovieTheatre/Prefabs/Platform_01_Slanted.prefab using Guid(ebde7171c16d12048952ec5ec891547f) Importer(815301076,1909f56bfc062723c751e8b465ee728b)  -> (artifact id: '3e08c0fa127a26310be385653388dc15') in 2.546401 seconds 
========================================================================
Received Import Request.
  Time since last request: 29.549785 seconds.
  path: Assets/russian_buildings/prefabs/buildings/rus_build_2et_01b.prefab
  artifactKey: Guid(a121d32ef0a226a459036bdbc16455ea) Importer(815301076,1909f56bfc062723c751e8b465ee728b)
Start importing Assets/russian_buildings/prefabs/buildings/rus_build_2et_01b.prefab using Guid(a121d32ef0a226a459036bdbc16455ea) Importer(815301076,1909f56bfc062723c751e8b465ee728b)  -> (artifact id: '5f29d0664804a35db698f534eb75bce0') in 1.519373 seconds 
========================================================================
Received Import Request.
  Time since last request: 0.000069 seconds.
  path: Assets/russian_buildings/prefabs/buildings/rus_build_5et_02.prefab
  artifactKey: Guid(5f233c5bb4cb5ba41b2d790aede3bcee) Importer(815301076,1909f56bfc062723c751e8b465ee728b)
Start importing Assets/russian_buildings/prefabs/buildings/rus_build_5et_02.prefab using Guid(5f233c5bb4cb5ba41b2d790aede3bcee) Importer(815301076,1909f56bfc062723c751e8b465ee728b)  -> (artifact id: 'fd63a12c518bb1502288f2dedb3bb497') in 2.795339 seconds 
========================================================================
Received Import Request.
  Time since last request: 0.000098 seconds.
  path: Assets/russian_buildings/prefabs/buildings/rus_build_2et_01c.prefab
  artifactKey: Guid(cfe372357392bfc49a631f6dfb62bbb1) Importer(815301076,1909f56bfc062723c751e8b465ee728b)
Start importing Assets/russian_buildings/prefabs/buildings/rus_build_2et_01c.prefab using Guid(cfe372357392bfc49a631f6dfb62bbb1) Importer(815301076,1909f56bfc062723c751e8b465ee728b)  -> (artifact id: 'f58e5e523040d3f4fec55416c0430b6c') in 0.638011 seconds 
========================================================================
Received Import Request.
  Time since last request: 0.000091 seconds.
  path: Assets/russian_buildings/prefabs/buildings/rus_build_5et_03.prefab
  artifactKey: Guid(30e869da5c345464eb905a3dfb869ad3) Importer(815301076,1909f56bfc062723c751e8b465ee728b)
Start importing Assets/russian_buildings/prefabs/buildings/rus_build_5et_03.prefab using Guid(30e869da5c345464eb905a3dfb869ad3) Importer(815301076,1909f56bfc062723c751e8b465ee728b)  -> (artifact id: '10369edf11fd66e382d1950e81eaf45c') in 0.969561 seconds 
========================================================================
Received Import Request.
  Time since last request: 0.000110 seconds.
  path: Assets/russian_buildings/prefabs/buildings/rus_build_5et_02a.prefab
  artifactKey: Guid(8459d2d575caf3742b837875922c5e95) Importer(815301076,1909f56bfc062723c751e8b465ee728b)
Start importing Assets/russian_buildings/prefabs/buildings/rus_build_5et_02a.prefab using Guid(8459d2d575caf3742b837875922c5e95) Importer(815301076,1909f56bfc062723c751e8b465ee728b)  -> (artifact id: '5d91b637f9bb174aaa5d47945856c6a2') in 0.786757 seconds 
========================================================================
Received Prepare
Registering precompiled user dll's ...
Registered in 0.017418 seconds.
Begin MonoManager ReloadAssembly
Symbol file LoadedFromMemory doesn't match image C:\Users\mohit\winner\Library\PackageCache\com.unity.visualscripting@1.8.0\Editor\VisualScripting.Core\Dependencies\YamlDotNet\Unity.VisualScripting.YamlDotNet.dll
Symbol file LoadedFromMemory doesn't match image C:\Users\mohit\winner\Library\PackageCache\com.unity.visualscripting@1.8.0\Editor\VisualScripting.Core\Dependencies\DotNetZip\Unity.VisualScripting.IonicZip.dll
Native extension for WindowsStandalone target not found
Native extension for Android target not found
Refreshing native plugins compatible for Editor in 1.69 ms, found 3 plugins.
Preloading 0 native plugins for Editor in 0.00 ms.
Mono: successfully reloaded assembly
- Completed reload, in  2.389 seconds
Domain Reload Profiling:
	ReloadAssembly (2390ms)
		BeginReloadAssembly (374ms)
			ExecutionOrderSort (0ms)
			DisableScriptedObjects (9ms)
			BackupInstance (0ms)
			ReleaseScriptingObjects (0ms)
			CreateAndSetChildDomain (96ms)
		EndReloadAssembly (1760ms)
			LoadAssemblies (292ms)
			RebuildTransferFunctionScriptingTraits (0ms)
			SetupTypeCache (609ms)
			ReleaseScriptCaches (3ms)
			RebuildScriptCaches (89ms)
			SetupLoadedEditorAssemblies (718ms)
				LogAssemblyErrors (0ms)
				InitializePlatformSupportModulesInManaged (45ms)
				SetLoadedEditorAssemblies (1ms)
				RefreshPlugins (2ms)
				BeforeProcessingInitializeOnLoad (157ms)
				ProcessInitializeOnLoadAttributes (449ms)
				ProcessInitializeOnLoadMethodAttributes (40ms)
				AfterProcessingInitializeOnLoad (23ms)
				EditorAssembliesLoaded (0ms)
			ExecutionOrderSort2 (0ms)
			AwakeInstancesAfterBackupRestoration (16ms)
Platform modules already initialized, skipping
Refreshing native plugins compatible for Editor in 320.69 ms, found 3 plugins.
Preloading 0 native plugins for Editor in 0.00 ms.
Unloading 3144 Unused Serialized files (Serialized files now loaded: 0)
Unloading 17 unused Assets / (80.4 KB). Loaded Objects now: 3635.
Memory consumption went from 115.9 MB to 115.8 MB.
Total: 12.297400 ms (FindLiveObjects: 0.751200 ms CreateObjectMapping: 0.363800 ms MarkObjects: 10.793100 ms  DeleteObjects: 0.385200 ms)

AssetImportParameters requested are different than current active one (requested -> active):
  custom:video-decoder-ogg-theora: a1e56fd34408186e4bbccfd4996cb3dc -> 
  custom:container-muxer-webm: aa71ff27fc2769a1b78a27578f13a17b -> 
  custom:container-demuxer-webm: 4f35f7cbe854078d1ac9338744f61a02 -> 
  custom:video-encoder-webm-vp8: eb34c28f22e8b96e1ab97ce403110664 -> 
  custom:video-codec-MediaFoundation-h265: 746d11721c4dcdbdad8f713fa42b33f4 -> 
  custom:audio-encoder-webm-vorbis: bf7c407c2cedff20999df2af8eb42d56 -> 
  custom:framework-win-MediaFoundation: 216162199b28c13a410421893ffa2e32 -> 
  custom:container-demuxer-ogg: 62fdf1f143b41e24485cea50d1cbac27 -> 
  custom:video-decoder-webm-vp8: 9c59270c3fd7afecdb556c50c9e8de78 -> 
  custom:audio-decoder-ogg-vorbis: bf7c407c2cedff20999df2af8eb42d56 -> 
========================================================================
Received Prepare
Refreshing native plugins compatible for Editor in 51.59 ms, found 3 plugins.
Preloading 0 native plugins for Editor in 0.00 ms.
Unloading 17 Unused Serialized files (Serialized files now loaded: 0)
Unloading 17 unused Assets / (77.7 KB). Loaded Objects now: 3635.
Memory consumption went from 53.3 MB to 53.2 MB.
Total: 11.484900 ms (FindLiveObjects: 0.920200 ms CreateObjectMapping: 0.389400 ms MarkObjects: 9.916300 ms  DeleteObjects: 0.255900 ms)

AssetImportParameters requested are different than current active one (requested -> active):
  custom:video-decoder-ogg-theora: a1e56fd34408186e4bbccfd4996cb3dc -> 
  custom:container-muxer-webm: aa71ff27fc2769a1b78a27578f13a17b -> 
  custom:container-demuxer-webm: 4f35f7cbe854078d1ac9338744f61a02 -> 
  custom:video-encoder-webm-vp8: eb34c28f22e8b96e1ab97ce403110664 -> 
  custom:video-codec-MediaFoundation-h265: 746d11721c4dcdbdad8f713fa42b33f4 -> 
  custom:audio-encoder-webm-vorbis: bf7c407c2cedff20999df2af8eb42d56 -> 
  custom:framework-win-MediaFoundation: 216162199b28c13a410421893ffa2e32 -> 
  custom:container-demuxer-ogg: 62fdf1f143b41e24485cea50d1cbac27 -> 
  custom:video-decoder-webm-vp8: 9c59270c3fd7afecdb556c50c9e8de78 -> 
  custom:audio-decoder-ogg-vorbis: bf7c407c2cedff20999df2af8eb42d56 -> 
========================================================================
Received Prepare
Registering precompiled user dll's ...
Registered in 0.063023 seconds.
Begin MonoManager ReloadAssembly
Symbol file LoadedFromMemory doesn't match image C:\Users\mohit\winner\Library\PackageCache\com.unity.visualscripting@1.8.0\Editor\VisualScripting.Core\Dependencies\YamlDotNet\Unity.VisualScripting.YamlDotNet.dll
Symbol file LoadedFromMemory doesn't match image C:\Users\mohit\winner\Library\PackageCache\com.unity.visualscripting@1.8.0\Editor\VisualScripting.Core\Dependencies\DotNetZip\Unity.VisualScripting.IonicZip.dll
Native extension for WindowsStandalone target not found
Native extension for Android target not found
Refreshing native plugins compatible for Editor in 1.82 ms, found 3 plugins.
Preloading 0 native plugins for Editor in 0.00 ms.
Mono: successfully reloaded assembly
- Completed reload, in 77.407 seconds
Domain Reload Profiling:
	ReloadAssembly (78550ms)
		BeginReloadAssembly (70271ms)
			ExecutionOrderSort (0ms)
			DisableScriptedObjects (7171ms)
			BackupInstance (0ms)
			ReleaseScriptingObjects (0ms)
			CreateAndSetChildDomain (23811ms)
		EndReloadAssembly (6029ms)
			LoadAssemblies (2739ms)
			RebuildTransferFunctionScriptingTraits (26ms)
			SetupTypeCache (2605ms)
			ReleaseScriptCaches (4ms)
			RebuildScriptCaches (292ms)
			SetupLoadedEditorAssemblies (1866ms)
				LogAssemblyErrors (0ms)
				InitializePlatformSupportModulesInManaged (214ms)
				SetLoadedEditorAssemblies (2ms)
				RefreshPlugins (2ms)
				BeforeProcessingInitializeOnLoad (481ms)
				ProcessInitializeOnLoadAttributes (1047ms)
				ProcessInitializeOnLoadMethodAttributes (87ms)
				AfterProcessingInitializeOnLoad (32ms)
				EditorAssembliesLoaded (0ms)
			ExecutionOrderSort2 (0ms)
			AwakeInstancesAfterBackupRestoration (15ms)
Platform modules already initialized, skipping
Refreshing native plugins compatible for Editor in 331.07 ms, found 3 plugins.
Preloading 0 native plugins for Editor in 0.00 ms.
Unloading 3144 Unused Serialized files (Serialized files now loaded: 0)
Unloading 17 unused Assets / (80.4 KB). Loaded Objects now: 3639.
Memory consumption went from 115.9 MB to 115.8 MB.
Total: 802.393700 ms (FindLiveObjects: 0.574300 ms CreateObjectMapping: 0.186300 ms MarkObjects: 763.365300 ms  DeleteObjects: 38.262500 ms)

AssetImportParameters requested are different than current active one (requested -> active):
  custom:video-decoder-ogg-theora: a1e56fd34408186e4bbccfd4996cb3dc -> 
  custom:container-muxer-webm: aa71ff27fc2769a1b78a27578f13a17b -> 
  custom:container-demuxer-webm: 4f35f7cbe854078d1ac9338744f61a02 -> 
  custom:video-encoder-webm-vp8: eb34c28f22e8b96e1ab97ce403110664 -> 
  custom:video-codec-MediaFoundation-h265: 746d11721c4dcdbdad8f713fa42b33f4 -> 
  custom:audio-encoder-webm-vorbis: bf7c407c2cedff20999df2af8eb42d56 -> 
  custom:framework-win-MediaFoundation: 216162199b28c13a410421893ffa2e32 -> 
  custom:container-demuxer-ogg: 62fdf1f143b41e24485cea50d1cbac27 -> 
  custom:video-decoder-webm-vp8: 9c59270c3fd7afecdb556c50c9e8de78 -> 
  custom:audio-decoder-ogg-vorbis: bf7c407c2cedff20999df2af8eb42d56 -> 
========================================================================
Received Import Request.
  Time since last request: 2924.116482 seconds.
  path: Assets/TextMesh Pro/Resources/Fonts & Materials/LiberationSans SDF - Fallback.asset
  artifactKey: Guid(2e498d1c8094910479dc3e1b768306a4) Importer(815301076,1909f56bfc062723c751e8b465ee728b)
Start importing Assets/TextMesh Pro/Resources/Fonts & Materials/LiberationSans SDF - Fallback.asset using Guid(2e498d1c8094910479dc3e1b768306a4) Importer(815301076,1909f56bfc062723c751e8b465ee728b)  -> (artifact id: '75c03ef0685716eb49c849513d3fc62c') in 6.553403 seconds 
========================================================================
Received Prepare
Registering precompiled user dll's ...
Registered in 0.014356 seconds.
Begin MonoManager ReloadAssembly
Symbol file LoadedFromMemory doesn't match image C:\Users\mohit\winner\Library\PackageCache\com.unity.visualscripting@1.8.0\Editor\VisualScripting.Core\Dependencies\YamlDotNet\Unity.VisualScripting.YamlDotNet.dll
Symbol file LoadedFromMemory doesn't match image C:\Users\mohit\winner\Library\PackageCache\com.unity.visualscripting@1.8.0\Editor\VisualScripting.Core\Dependencies\DotNetZip\Unity.VisualScripting.IonicZip.dll
Native extension for WindowsStandalone target not found
Native extension for Android target not found
Refreshing native plugins compatible for Editor in 2.25 ms, found 3 plugins.
Preloading 0 native plugins for Editor in 0.00 ms.
Mono: successfully reloaded assembly
- Completed reload, in  3.185 seconds
Domain Reload Profiling:
	ReloadAssembly (3187ms)
		BeginReloadAssembly (560ms)
			ExecutionOrderSort (0ms)
			DisableScriptedObjects (11ms)
			BackupInstance (0ms)
			ReleaseScriptingObjects (0ms)
			CreateAndSetChildDomain (114ms)
		EndReloadAssembly (2355ms)
			LoadAssemblies (445ms)
			RebuildTransferFunctionScriptingTraits (0ms)
			SetupTypeCache (815ms)
			ReleaseScriptCaches (4ms)
			RebuildScriptCaches (131ms)
			SetupLoadedEditorAssemblies (945ms)
				LogAssemblyErrors (0ms)
				InitializePlatformSupportModulesInManaged (59ms)
				SetLoadedEditorAssemblies (2ms)
				RefreshPlugins (3ms)
				BeforeProcessingInitializeOnLoad (222ms)
				ProcessInitializeOnLoadAttributes (585ms)
				ProcessInitializeOnLoadMethodAttributes (48ms)
				AfterProcessingInitializeOnLoad (25ms)
				EditorAssembliesLoaded (0ms)
			ExecutionOrderSort2 (0ms)
			AwakeInstancesAfterBackupRestoration (15ms)
Platform modules already initialized, skipping
Refreshing native plugins compatible for Editor in 6.52 ms, found 3 plugins.
Preloading 0 native plugins for Editor in 0.00 ms.
Unloading 3157 Unused Serialized files (Serialized files now loaded: 0)
Unloading 29 unused Assets / (0.7 MB). Loaded Objects now: 3680.
Memory consumption went from 118.3 MB to 117.6 MB.
Total: 19.448600 ms (FindLiveObjects: 0.570000 ms CreateObjectMapping: 0.135800 ms MarkObjects: 17.827000 ms  DeleteObjects: 0.912200 ms)

AssetImportParameters requested are different than current active one (requested -> active):
  custom:video-decoder-ogg-theora: a1e56fd34408186e4bbccfd4996cb3dc -> 
  custom:container-muxer-webm: aa71ff27fc2769a1b78a27578f13a17b -> 
  custom:container-demuxer-webm: 4f35f7cbe854078d1ac9338744f61a02 -> 
  custom:video-encoder-webm-vp8: eb34c28f22e8b96e1ab97ce403110664 -> 
  custom:video-codec-MediaFoundation-h265: 746d11721c4dcdbdad8f713fa42b33f4 -> 
  custom:audio-encoder-webm-vorbis: bf7c407c2cedff20999df2af8eb42d56 -> 
  custom:framework-win-MediaFoundation: 216162199b28c13a410421893ffa2e32 -> 
  custom:container-demuxer-ogg: 62fdf1f143b41e24485cea50d1cbac27 -> 
  custom:video-decoder-webm-vp8: 9c59270c3fd7afecdb556c50c9e8de78 -> 
  custom:audio-decoder-ogg-vorbis: bf7c407c2cedff20999df2af8eb42d56 -> 
========================================================================
Received Import Request.
  Time since last request: 854.065146 seconds.
  path: Assets/University Lecture Theatre/FBX/Materials/ULT_Bench.mat
  artifactKey: Guid(c664c11b4dfe94f49827ce53956c40c1) Importer(815301076,1909f56bfc062723c751e8b465ee728b)
Start importing Assets/University Lecture Theatre/FBX/Materials/ULT_Bench.mat using Guid(c664c11b4dfe94f49827ce53956c40c1) Importer(815301076,1909f56bfc062723c751e8b465ee728b)  -> (artifact id: '977db30731837ec9056c6e6ab7d902d1') in 5.211835 seconds 
========================================================================
Received Import Request.
  Time since last request: 0.000063 seconds.
  path: Assets/Urban_building/Materials/urban_building_base_mat.mat
  artifactKey: Guid(8cc67e74ec06b3e44bb5d71d2d7ae8fb) Importer(815301076,1909f56bfc062723c751e8b465ee728b)
Start importing Assets/Urban_building/Materials/urban_building_base_mat.mat using Guid(8cc67e74ec06b3e44bb5d71d2d7ae8fb) Importer(815301076,1909f56bfc062723c751e8b465ee728b)  -> (artifact id: 'c969b874077618db605d6a4f02d60e60') in 3.519098 seconds 
========================================================================
Received Import Request.
  Time since last request: 0.000096 seconds.
  path: Assets/University Lecture Theatre/FBX/Materials/Your_Logo_Here.mat
  artifactKey: Guid(81dbb45852f851246b17ed63db37df09) Importer(815301076,1909f56bfc062723c751e8b465ee728b)
Start importing Assets/University Lecture Theatre/FBX/Materials/Your_Logo_Here.mat using Guid(81dbb45852f851246b17ed63db37df09) Importer(815301076,1909f56bfc062723c751e8b465ee728b)  -> (artifact id: '35a7c3b27277aa1864aac32e2814dd9a') in 0.744758 seconds 
========================================================================
Received Import Request.
  Time since last request: 0.000085 seconds.
  path: Assets/Samples/Google Cardboard XR Plugin for Unity/1.19.0/Hello Cardboard/Models/QuadSphere.obj
  artifactKey: Guid(b72f909583e324e448ea939d5cd2745f) Importer(815301076,1909f56bfc062723c751e8b465ee728b)
Start importing Assets/Samples/Google Cardboard XR Plugin for Unity/1.19.0/Hello Cardboard/Models/QuadSphere.obj using Guid(b72f909583e324e448ea939d5cd2745f) Importer(815301076,1909f56bfc062723c751e8b465ee728b)  -> (artifact id: 'bded255e2c2571e7e36ca8784359c744') in 1.213367 seconds 
========================================================================
Received Import Request.
  Time since last request: 0.000087 seconds.
  path: Assets/University Lecture Theatre/FBX/Materials/ULT_Exit.mat
  artifactKey: Guid(2857b5a5f5a2a6c4683b569d04f06b00) Importer(815301076,1909f56bfc062723c751e8b465ee728b)
Start importing Assets/University Lecture Theatre/FBX/Materials/ULT_Exit.mat using Guid(2857b5a5f5a2a6c4683b569d04f06b00) Importer(815301076,1909f56bfc062723c751e8b465ee728b)  -> (artifact id: '6579f713ae4a35e826dc43b92a15bfcb') in 1.820416 seconds 
========================================================================
Received Import Request.
  Time since last request: 0.000059 seconds.
  path: Assets/University Lecture Theatre/FBX/Materials/ULT_Stage.mat
  artifactKey: Guid(fdba5fd23ab51cf4ea6b5f410a6c9f0f) Importer(815301076,1909f56bfc062723c751e8b465ee728b)
Start importing Assets/University Lecture Theatre/FBX/Materials/ULT_Stage.mat using Guid(fdba5fd23ab51cf4ea6b5f410a6c9f0f) Importer(815301076,1909f56bfc062723c751e8b465ee728b)  -> (artifact id: '132ef89e75e6bd1d6d12a0b76a801e76') in 4.109280 seconds 
========================================================================
Received Import Request.
  Time since last request: 0.000093 seconds.
  path: Assets/University Lecture Theatre/FBX/Materials/ULT_Whiteboard.mat
  artifactKey: Guid(bc7a633a3e2e6bf42972d9eeb3d9f6cb) Importer(815301076,1909f56bfc062723c751e8b465ee728b)
Start importing Assets/University Lecture Theatre/FBX/Materials/ULT_Whiteboard.mat using Guid(bc7a633a3e2e6bf42972d9eeb3d9f6cb) Importer(815301076,1909f56bfc062723c751e8b465ee728b)  -> (artifact id: 'e1c3447ae405bea6bfa73fb7332c3124') in 0.181591 seconds 
========================================================================
Received Import Request.
  Time since last request: 0.000062 seconds.
  path: Assets/TextMesh Pro/Resources/Fonts & Materials/LiberationSans SDF - Drop Shadow.mat
  artifactKey: Guid(e73a58f6e2794ae7b1b7e50b7fb811b0) Importer(815301076,1909f56bfc062723c751e8b465ee728b)
Start importing Assets/TextMesh Pro/Resources/Fonts & Materials/LiberationSans SDF - Drop Shadow.mat using Guid(e73a58f6e2794ae7b1b7e50b7fb811b0) Importer(815301076,1909f56bfc062723c751e8b465ee728b)  -> (artifact id: 'd092630e8cbd75d18cb74c245c931be9') in 0.495937 seconds 
========================================================================
Received Import Request.
  Time since last request: 0.000072 seconds.
  path: Assets/University Lecture Theatre/FBX/Materials/ULT_Counter_Gray.mat
  artifactKey: Guid(74a451ca1f10e0b4fae87d4f1a106458) Importer(815301076,1909f56bfc062723c751e8b465ee728b)
Start importing Assets/University Lecture Theatre/FBX/Materials/ULT_Counter_Gray.mat using Guid(74a451ca1f10e0b4fae87d4f1a106458) Importer(815301076,1909f56bfc062723c751e8b465ee728b)  -> (artifact id: '46a9641f401048841cb89082bf2f39a3') in 0.174702 seconds 
========================================================================
Received Import Request.
  Time since last request: 0.000073 seconds.
  path: Assets/Samples/Google Cardboard XR Plugin for Unity/1.19.0/Hello Cardboard/Models/Icosahedron.obj
  artifactKey: Guid(ae120d8251d1948cc9349cf3ff881336) Importer(815301076,1909f56bfc062723c751e8b465ee728b)
Start importing Assets/Samples/Google Cardboard XR Plugin for Unity/1.19.0/Hello Cardboard/Models/Icosahedron.obj using Guid(ae120d8251d1948cc9349cf3ff881336) Importer(815301076,1909f56bfc062723c751e8b465ee728b)  -> (artifact id: 'c72ffc7d6dfeecba3ff1e7f2621fce65') in 0.248936 seconds 
========================================================================
Received Import Request.
  Time since last request: 0.000086 seconds.
  path: Assets/University Lecture Theatre/FBX/Materials/ULT_Computer_Set.mat
  artifactKey: Guid(b140232a31ea8cb489682e222af6d95d) Importer(815301076,1909f56bfc062723c751e8b465ee728b)
Start importing Assets/University Lecture Theatre/FBX/Materials/ULT_Computer_Set.mat using Guid(b140232a31ea8cb489682e222af6d95d) Importer(815301076,1909f56bfc062723c751e8b465ee728b)  -> (artifact id: 'f8f816e4e0aca19f8df9497427bf0de6') in 0.300442 seconds 
========================================================================
Received Import Request.
  Time since last request: 0.000061 seconds.
  path: Assets/University Lecture Theatre/FBX/Materials/ULT_Door_Exit_Mid.mat
  artifactKey: Guid(681ce5095e0ec4649b0e4957043bec1d) Importer(815301076,1909f56bfc062723c751e8b465ee728b)
Start importing Assets/University Lecture Theatre/FBX/Materials/ULT_Door_Exit_Mid.mat using Guid(681ce5095e0ec4649b0e4957043bec1d) Importer(815301076,1909f56bfc062723c751e8b465ee728b)  -> (artifact id: '3b2c828a092844634bdd7be958d2c635') in 0.210907 seconds 
========================================================================
Received Import Request.
  Time since last request: 0.000075 seconds.
  path: Assets/Urban_building/Materials/urban_building_wall_white_roof_mat.mat
  artifactKey: Guid(554df22e5518b034285c84ccfca02fd4) Importer(815301076,1909f56bfc062723c751e8b465ee728b)
Start importing Assets/Urban_building/Materials/urban_building_wall_white_roof_mat.mat using Guid(554df22e5518b034285c84ccfca02fd4) Importer(815301076,1909f56bfc062723c751e8b465ee728b)  -> (artifact id: '1599d3a497a81e4bb13da68dfc84809d') in 1.349755 seconds 
========================================================================
Received Import Request.
  Time since last request: 0.000316 seconds.
  path: Assets/University Lecture Theatre/FBX/Materials/ULT_StepLight_Chrome.mat
  artifactKey: Guid(d8ce1e95993899a4a862f6c369b5e5c8) Importer(815301076,1909f56bfc062723c751e8b465ee728b)
Start importing Assets/University Lecture Theatre/FBX/Materials/ULT_StepLight_Chrome.mat using Guid(d8ce1e95993899a4a862f6c369b5e5c8) Importer(815301076,1909f56bfc062723c751e8b465ee728b)  -> (artifact id: 'e3b05db3a9dbea144c2bda9a35c7f36c') in 0.637883 seconds 
========================================================================
Received Import Request.
  Time since last request: 0.000108 seconds.
  path: Assets/University Lecture Theatre/FBX/Materials/ULT_Chair_Fabric.mat
  artifactKey: Guid(834176cd55c2f4749a344a4de21412cc) Importer(815301076,1909f56bfc062723c751e8b465ee728b)
Start importing Assets/University Lecture Theatre/FBX/Materials/ULT_Chair_Fabric.mat using Guid(834176cd55c2f4749a344a4de21412cc) Importer(815301076,1909f56bfc062723c751e8b465ee728b)  -> (artifact id: '02c1626ecd3faadf28a15b898ed8e971') in 0.685686 seconds 
========================================================================
Received Import Request.
  Time since last request: 0.000062 seconds.
  path: Assets/University Lecture Theatre/FBX/Materials/ULT_Spotlight_Lit.mat
  artifactKey: Guid(20fa24b271df7db479fe8bad53ea5fd9) Importer(815301076,1909f56bfc062723c751e8b465ee728b)
Start importing Assets/University Lecture Theatre/FBX/Materials/ULT_Spotlight_Lit.mat using Guid(20fa24b271df7db479fe8bad53ea5fd9) Importer(815301076,1909f56bfc062723c751e8b465ee728b)  -> (artifact id: '2478be97146d0738ed580ce2a8f7b284') in 0.194677 seconds 
========================================================================
Received Import Request.
  Time since last request: 0.000076 seconds.
  path: Assets/University Lecture Theatre/FBX/Materials/ULT_Dustbin.mat
  artifactKey: Guid(f62ea49fa2256954d949ac3278f31364) Importer(815301076,1909f56bfc062723c751e8b465ee728b)
Start importing Assets/University Lecture Theatre/FBX/Materials/ULT_Dustbin.mat using Guid(f62ea49fa2256954d949ac3278f31364) Importer(815301076,1909f56bfc062723c751e8b465ee728b)  -> (artifact id: '4737fd7c50e2948c588daabf1977e69d') in 0.194760 seconds 
========================================================================
Received Import Request.
  Time since last request: 0.000074 seconds.
  path: Assets/University Lecture Theatre/FBX/Materials/ULT_Ceiling.mat
  artifactKey: Guid(61f9b89e66a94fe4ba719bdda7c25a4a) Importer(815301076,1909f56bfc062723c751e8b465ee728b)
Start importing Assets/University Lecture Theatre/FBX/Materials/ULT_Ceiling.mat using Guid(61f9b89e66a94fe4ba719bdda7c25a4a) Importer(815301076,1909f56bfc062723c751e8b465ee728b)  -> (artifact id: 'f109332b40171286265294681c58c6a0') in 0.427953 seconds 
========================================================================
Received Import Request.
  Time since last request: 0.000093 seconds.
  path: Assets/University Lecture Theatre/FBX/Materials/ULT_Wall_Speakers.mat
  artifactKey: Guid(1947bfb8ecc5bb843bb4aee2fa87c6bd) Importer(815301076,1909f56bfc062723c751e8b465ee728b)
Start importing Assets/University Lecture Theatre/FBX/Materials/ULT_Wall_Speakers.mat using Guid(1947bfb8ecc5bb843bb4aee2fa87c6bd) Importer(815301076,1909f56bfc062723c751e8b465ee728b)  -> (artifact id: '85862973046b8b62363f538234fd4c42') in 3.162825 seconds 
========================================================================
Received Import Request.
  Time since last request: 0.000067 seconds.
  path: Assets/Urban_building/Materials/urban_building_exterior_details_mat.mat
  artifactKey: Guid(8124937fa4ac06541b19469eaa062f78) Importer(815301076,1909f56bfc062723c751e8b465ee728b)
Start importing Assets/Urban_building/Materials/urban_building_exterior_details_mat.mat using Guid(8124937fa4ac06541b19469eaa062f78) Importer(815301076,1909f56bfc062723c751e8b465ee728b)  -> (artifact id: 'cf09045c6efda6a53ff31434e77a3fc1') in 0.877765 seconds 
========================================================================
Received Import Request.
  Time since last request: 0.000085 seconds.
  path: Assets/University Lecture Theatre/FBX/Materials/ULT_Ceiling_Lit.mat
  artifactKey: Guid(aeb0a776686b59b4bbc9698e9d6fd858) Importer(815301076,1909f56bfc062723c751e8b465ee728b)
Start importing Assets/University Lecture Theatre/FBX/Materials/ULT_Ceiling_Lit.mat using Guid(aeb0a776686b59b4bbc9698e9d6fd858) Importer(815301076,1909f56bfc062723c751e8b465ee728b)  -> (artifact id: 'e3b10aa98c55597ecb5ad8ee3ad1f427') in 0.448430 seconds 
========================================================================
Received Import Request.
  Time since last request: 0.000069 seconds.
  path: Assets/University Lecture Theatre/FBX/Materials/ULT_Stage_Chrome.mat
  artifactKey: Guid(c079422227b4e6a4e925819e5b67c7e3) Importer(815301076,1909f56bfc062723c751e8b465ee728b)
Start importing Assets/University Lecture Theatre/FBX/Materials/ULT_Stage_Chrome.mat using Guid(c079422227b4e6a4e925819e5b67c7e3) Importer(815301076,1909f56bfc062723c751e8b465ee728b)  -> (artifact id: 'e04a7a090e620ef4005a051a41cf7c58') in 0.209466 seconds 
========================================================================
Received Import Request.
  Time since last request: 0.000076 seconds.
  path: Assets/University Lecture Theatre/FBX/Materials/ULT_Floor_Staircase_Marble.mat
  artifactKey: Guid(967dd9e957bc657488f3652ab40a5897) Importer(815301076,1909f56bfc062723c751e8b465ee728b)
Start importing Assets/University Lecture Theatre/FBX/Materials/ULT_Floor_Staircase_Marble.mat using Guid(967dd9e957bc657488f3652ab40a5897) Importer(815301076,1909f56bfc062723c751e8b465ee728b)  -> (artifact id: 'd85ac5148eef6bde94a51d0570b7bcb9') in 0.184388 seconds 
========================================================================
Received Import Request.
  Time since last request: 0.000058 seconds.
  path: Assets/University Lecture Theatre/FBX/Materials/ULT_Door_Wood.mat
  artifactKey: Guid(5d5d493a1b7b5004e8bd74fbca604d8b) Importer(815301076,1909f56bfc062723c751e8b465ee728b)
Start importing Assets/University Lecture Theatre/FBX/Materials/ULT_Door_Wood.mat using Guid(5d5d493a1b7b5004e8bd74fbca604d8b) Importer(815301076,1909f56bfc062723c751e8b465ee728b)  -> (artifact id: 'abaadbf866137ca28cdd948b2c29eb9f') in 0.116182 seconds 
========================================================================
Received Import Request.
  Time since last request: 0.000114 seconds.
  path: Assets/University Lecture Theatre/FBX/Materials/ULT_Floor_Staircase.mat
  artifactKey: Guid(374d96cf15aa7314c9da16e0f3e680b9) Importer(815301076,1909f56bfc062723c751e8b465ee728b)
Start importing Assets/University Lecture Theatre/FBX/Materials/ULT_Floor_Staircase.mat using Guid(374d96cf15aa7314c9da16e0f3e680b9) Importer(815301076,1909f56bfc062723c751e8b465ee728b)  -> (artifact id: '9ab690cc3f49e35d0f6ab96e04e9b08a') in 0.386533 seconds 
========================================================================
Received Import Request.
  Time since last request: 0.000093 seconds.
  path: Assets/Urban_building/Materials/urban_building_ window_02_mat.mat
  artifactKey: Guid(402094db8ef021a46bdbb00fa02df32f) Importer(815301076,1909f56bfc062723c751e8b465ee728b)
Start importing Assets/Urban_building/Materials/urban_building_ window_02_mat.mat using Guid(402094db8ef021a46bdbb00fa02df32f) Importer(815301076,1909f56bfc062723c751e8b465ee728b)  -> (artifact id: '652ecdf68ee8e002ce9ce8803b98713c') in 0.420061 seconds 
========================================================================
Received Import Request.
  Time since last request: 0.000089 seconds.
  path: Assets/University Lecture Theatre/FBX/Materials/ULT_Chair_Fabric_albedo.mat
  artifactKey: Guid(9801df9f3b356774ea75cf1d21cea926) Importer(815301076,1909f56bfc062723c751e8b465ee728b)
Start importing Assets/University Lecture Theatre/FBX/Materials/ULT_Chair_Fabric_albedo.mat using Guid(9801df9f3b356774ea75cf1d21cea926) Importer(815301076,1909f56bfc062723c751e8b465ee728b)  -> (artifact id: '205ad2a9e0262699b5ceaae4d05ffdd5') in 0.152903 seconds 
========================================================================
Received Import Request.
  Time since last request: 0.000080 seconds.
  path: Assets/University Lecture Theatre/FBX/Materials/ULT_Chair_Metal.mat
  artifactKey: Guid(de68c2a35f47e5847a6012f95db2b922) Importer(815301076,1909f56bfc062723c751e8b465ee728b)
Start importing Assets/University Lecture Theatre/FBX/Materials/ULT_Chair_Metal.mat using Guid(de68c2a35f47e5847a6012f95db2b922) Importer(815301076,1909f56bfc062723c751e8b465ee728b)  -> (artifact id: '4a7eb6d2e791ad123f2ce89652e7bf07') in 0.063277 seconds 
========================================================================
Received Import Request.
  Time since last request: 0.000097 seconds.
  path: Assets/University Lecture Theatre/FBX/Materials/ULT_Spotlight_Speaker.mat
  artifactKey: Guid(af4b825e6c9d3a74eb22a722daa410c5) Importer(815301076,1909f56bfc062723c751e8b465ee728b)
Start importing Assets/University Lecture Theatre/FBX/Materials/ULT_Spotlight_Speaker.mat using Guid(af4b825e6c9d3a74eb22a722daa410c5) Importer(815301076,1909f56bfc062723c751e8b465ee728b)  -> (artifact id: '8ccdab7a8f6bcb8482dd94e3320522a6') in 0.397350 seconds 
========================================================================
Received Import Request.
  Time since last request: 0.000068 seconds.
  path: Assets/University Lecture Theatre/FBX/Materials/ULT_Switch.mat
  artifactKey: Guid(5593e061e20668e44bab0645da1da542) Importer(815301076,1909f56bfc062723c751e8b465ee728b)
Start importing Assets/University Lecture Theatre/FBX/Materials/ULT_Switch.mat using Guid(5593e061e20668e44bab0645da1da542) Importer(815301076,1909f56bfc062723c751e8b465ee728b)  -> (artifact id: '99bb30570c2ed8a5b98477f9e4d1ed9c') in 0.285365 seconds 
========================================================================
Received Prepare
Registering precompiled user dll's ...
Registered in 0.017240 seconds.
Begin MonoManager ReloadAssembly
Symbol file LoadedFromMemory doesn't match image C:\Users\mohit\winner\Library\PackageCache\com.unity.visualscripting@1.8.0\Editor\VisualScripting.Core\Dependencies\YamlDotNet\Unity.VisualScripting.YamlDotNet.dll
Symbol file LoadedFromMemory doesn't match image C:\Users\mohit\winner\Library\PackageCache\com.unity.visualscripting@1.8.0\Editor\VisualScripting.Core\Dependencies\DotNetZip\Unity.VisualScripting.IonicZip.dll
Native extension for WindowsStandalone target not found
Native extension for Android target not found
Refreshing native plugins compatible for Editor in 1.58 ms, found 3 plugins.
Preloading 0 native plugins for Editor in 0.00 ms.
Mono: successfully reloaded assembly
- Completed reload, in  3.553 seconds
Domain Reload Profiling:
	ReloadAssembly (3555ms)
		BeginReloadAssembly (669ms)
			ExecutionOrderSort (0ms)
			DisableScriptedObjects (12ms)
			BackupInstance (0ms)
			ReleaseScriptingObjects (0ms)
			CreateAndSetChildDomain (189ms)
		EndReloadAssembly (2345ms)
			LoadAssemblies (472ms)
			RebuildTransferFunctionScriptingTraits (0ms)
			SetupTypeCache (772ms)
			ReleaseScriptCaches (3ms)
			RebuildScriptCaches (215ms)
			SetupLoadedEditorAssemblies (816ms)
				LogAssemblyErrors (0ms)
				InitializePlatformSupportModulesInManaged (44ms)
				SetLoadedEditorAssemblies (2ms)
				RefreshPlugins (2ms)
				BeforeProcessingInitializeOnLoad (151ms)
				ProcessInitializeOnLoadAttributes (551ms)
				ProcessInitializeOnLoadMethodAttributes (43ms)
				AfterProcessingInitializeOnLoad (23ms)
				EditorAssembliesLoaded (0ms)
			ExecutionOrderSort2 (0ms)
			AwakeInstancesAfterBackupRestoration (14ms)
Platform modules already initialized, skipping
Refreshing native plugins compatible for Editor in 7.84 ms, found 3 plugins.
Preloading 0 native plugins for Editor in 0.00 ms.
Unloading 3156 Unused Serialized files (Serialized files now loaded: 0)
Unloading 29 unused Assets / (0.7 MB). Loaded Objects now: 3687.
Memory consumption went from 118.4 MB to 117.7 MB.
Total: 62.947800 ms (FindLiveObjects: 0.624600 ms CreateObjectMapping: 0.234800 ms MarkObjects: 61.238700 ms  DeleteObjects: 0.846500 ms)

AssetImportParameters requested are different than current active one (requested -> active):
  custom:video-decoder-ogg-theora: a1e56fd34408186e4bbccfd4996cb3dc -> 
  custom:container-muxer-webm: aa71ff27fc2769a1b78a27578f13a17b -> 
  custom:container-demuxer-webm: 4f35f7cbe854078d1ac9338744f61a02 -> 
  custom:video-encoder-webm-vp8: eb34c28f22e8b96e1ab97ce403110664 -> 
  custom:video-codec-MediaFoundation-h265: 746d11721c4dcdbdad8f713fa42b33f4 -> 
  custom:audio-encoder-webm-vorbis: bf7c407c2cedff20999df2af8eb42d56 -> 
  custom:framework-win-MediaFoundation: 216162199b28c13a410421893ffa2e32 -> 
  custom:container-demuxer-ogg: 62fdf1f143b41e24485cea50d1cbac27 -> 
  custom:video-decoder-webm-vp8: 9c59270c3fd7afecdb556c50c9e8de78 -> 
  custom:audio-decoder-ogg-vorbis: bf7c407c2cedff20999df2af8eb42d56 -> 
========================================================================
Received Prepare
Registering precompiled user dll's ...
Registered in 0.016434 seconds.
Begin MonoManager ReloadAssembly
Symbol file LoadedFromMemory doesn't match image C:\Users\mohit\winner\Library\PackageCache\com.unity.visualscripting@1.8.0\Editor\VisualScripting.Core\Dependencies\YamlDotNet\Unity.VisualScripting.YamlDotNet.dll
Symbol file LoadedFromMemory doesn't match image C:\Users\mohit\winner\Library\PackageCache\com.unity.visualscripting@1.8.0\Editor\VisualScripting.Core\Dependencies\DotNetZip\Unity.VisualScripting.IonicZip.dll
Native extension for WindowsStandalone target not found
Native extension for Android target not found
Refreshing native plugins compatible for Editor in 2.71 ms, found 3 plugins.
Preloading 0 native plugins for Editor in 0.00 ms.
Mono: successfully reloaded assembly
- Completed reload, in  4.007 seconds
Domain Reload Profiling:
	ReloadAssembly (4010ms)
		BeginReloadAssembly (635ms)
			ExecutionOrderSort (0ms)
			DisableScriptedObjects (10ms)
			BackupInstance (0ms)
			ReleaseScriptingObjects (0ms)
			CreateAndSetChildDomain (102ms)
		EndReloadAssembly (3042ms)
			LoadAssemblies (497ms)
			RebuildTransferFunctionScriptingTraits (0ms)
			SetupTypeCache (951ms)
			ReleaseScriptCaches (5ms)
			RebuildScriptCaches (328ms)
			SetupLoadedEditorAssemblies (1094ms)
				LogAssemblyErrors (0ms)
				InitializePlatformSupportModulesInManaged (65ms)
				SetLoadedEditorAssemblies (2ms)
				RefreshPlugins (3ms)
				BeforeProcessingInitializeOnLoad (206ms)
				ProcessInitializeOnLoadAttributes (714ms)
				ProcessInitializeOnLoadMethodAttributes (65ms)
				AfterProcessingInitializeOnLoad (39ms)
				EditorAssembliesLoaded (1ms)
			ExecutionOrderSort2 (0ms)
			AwakeInstancesAfterBackupRestoration (20ms)
Platform modules already initialized, skipping
Refreshing native plugins compatible for Editor in 9.22 ms, found 3 plugins.
Preloading 0 native plugins for Editor in 0.00 ms.
Unloading 3156 Unused Serialized files (Serialized files now loaded: 0)
Unloading 29 unused Assets / (0.7 MB). Loaded Objects now: 3691.
Memory consumption went from 118.4 MB to 117.7 MB.
Total: 10.668800 ms (FindLiveObjects: 0.784600 ms CreateObjectMapping: 0.279400 ms MarkObjects: 8.199900 ms  DeleteObjects: 1.401900 ms)

AssetImportParameters requested are different than current active one (requested -> active):
  custom:video-decoder-ogg-theora: a1e56fd34408186e4bbccfd4996cb3dc -> 
  custom:container-muxer-webm: aa71ff27fc2769a1b78a27578f13a17b -> 
  custom:container-demuxer-webm: 4f35f7cbe854078d1ac9338744f61a02 -> 
  custom:video-encoder-webm-vp8: eb34c28f22e8b96e1ab97ce403110664 -> 
  custom:video-codec-MediaFoundation-h265: 746d11721c4dcdbdad8f713fa42b33f4 -> 
  custom:audio-encoder-webm-vorbis: bf7c407c2cedff20999df2af8eb42d56 -> 
  custom:framework-win-MediaFoundation: 216162199b28c13a410421893ffa2e32 -> 
  custom:container-demuxer-ogg: 62fdf1f143b41e24485cea50d1cbac27 -> 
  custom:video-decoder-webm-vp8: 9c59270c3fd7afecdb556c50c9e8de78 -> 
  custom:audio-decoder-ogg-vorbis: bf7c407c2cedff20999df2af8eb42d56 -> 
========================================================================
Received Import Request.
  Time since last request: 151.343448 seconds.
  path: Assets/Scenes/SampleScene.unity
  artifactKey: Guid(9fc0d4010bbf28b4594072e72b8655ab) Importer(815301076,1909f56bfc062723c751e8b465ee728b)
Start importing Assets/Scenes/SampleScene.unity using Guid(9fc0d4010bbf28b4594072e72b8655ab) Importer(815301076,1909f56bfc062723c751e8b465ee728b)  -> (artifact id: '5d30a56d082b69a8a3489e784dd4b2f2') in 0.069255 seconds 
========================================================================
Received Prepare
Registering precompiled user dll's ...
Registered in 0.018617 seconds.
Begin MonoManager ReloadAssembly
Symbol file LoadedFromMemory doesn't match image C:\Users\mohit\winner\Library\PackageCache\com.unity.visualscripting@1.8.0\Editor\VisualScripting.Core\Dependencies\YamlDotNet\Unity.VisualScripting.YamlDotNet.dll
Symbol file LoadedFromMemory doesn't match image C:\Users\mohit\winner\Library\PackageCache\com.unity.visualscripting@1.8.0\Editor\VisualScripting.Core\Dependencies\DotNetZip\Unity.VisualScripting.IonicZip.dll
Native extension for WindowsStandalone target not found
Native extension for Android target not found
Refreshing native plugins compatible for Editor in 2.04 ms, found 3 plugins.
Preloading 0 native plugins for Editor in 0.00 ms.
Mono: successfully reloaded assembly
- Completed reload, in  3.527 seconds
Domain Reload Profiling:
	ReloadAssembly (3530ms)
		BeginReloadAssembly (473ms)
			ExecutionOrderSort (0ms)
			DisableScriptedObjects (14ms)
			BackupInstance (0ms)
			ReleaseScriptingObjects (0ms)
			CreateAndSetChildDomain (195ms)
		EndReloadAssembly (2793ms)
			LoadAssemblies (274ms)
			RebuildTransferFunctionScriptingTraits (0ms)
			SetupTypeCache (889ms)
			ReleaseScriptCaches (4ms)
			RebuildScriptCaches (252ms)
			SetupLoadedEditorAssemblies (1071ms)
				LogAssemblyErrors (0ms)
				InitializePlatformSupportModulesInManaged (68ms)
				SetLoadedEditorAssemblies (1ms)
				RefreshPlugins (2ms)
				BeforeProcessingInitializeOnLoad (216ms)
				ProcessInitializeOnLoadAttributes (683ms)
				ProcessInitializeOnLoadMethodAttributes (64ms)
				AfterProcessingInitializeOnLoad (36ms)
				EditorAssembliesLoaded (1ms)
			ExecutionOrderSort2 (0ms)
			AwakeInstancesAfterBackupRestoration (18ms)
Platform modules already initialized, skipping
Refreshing native plugins compatible for Editor in 4.79 ms, found 3 plugins.
Preloading 0 native plugins for Editor in 0.00 ms.
Unloading 3156 Unused Serialized files (Serialized files now loaded: 0)
Unloading 29 unused Assets / (0.7 MB). Loaded Objects now: 3695.
Memory consumption went from 118.5 MB to 117.8 MB.
Total: 15.286700 ms (FindLiveObjects: 0.548000 ms CreateObjectMapping: 0.517000 ms MarkObjects: 13.203400 ms  DeleteObjects: 1.015300 ms)

AssetImportParameters requested are different than current active one (requested -> active):
  custom:video-decoder-ogg-theora: a1e56fd34408186e4bbccfd4996cb3dc -> 
  custom:container-muxer-webm: aa71ff27fc2769a1b78a27578f13a17b -> 
  custom:container-demuxer-webm: 4f35f7cbe854078d1ac9338744f61a02 -> 
  custom:video-encoder-webm-vp8: eb34c28f22e8b96e1ab97ce403110664 -> 
  custom:video-codec-MediaFoundation-h265: 746d11721c4dcdbdad8f713fa42b33f4 -> 
  custom:audio-encoder-webm-vorbis: bf7c407c2cedff20999df2af8eb42d56 -> 
  custom:framework-win-MediaFoundation: 216162199b28c13a410421893ffa2e32 -> 
  custom:container-demuxer-ogg: 62fdf1f143b41e24485cea50d1cbac27 -> 
  custom:video-decoder-webm-vp8: 9c59270c3fd7afecdb556c50c9e8de78 -> 
  custom:audio-decoder-ogg-vorbis: bf7c407c2cedff20999df2af8eb42d56 -> 
========================================================================
Received Prepare
Registering precompiled user dll's ...
Registered in 0.019226 seconds.
Begin MonoManager ReloadAssembly
Symbol file LoadedFromMemory doesn't match image C:\Users\mohit\winner\Library\PackageCache\com.unity.visualscripting@1.8.0\Editor\VisualScripting.Core\Dependencies\YamlDotNet\Unity.VisualScripting.YamlDotNet.dll
Symbol file LoadedFromMemory doesn't match image C:\Users\mohit\winner\Library\PackageCache\com.unity.visualscripting@1.8.0\Editor\VisualScripting.Core\Dependencies\DotNetZip\Unity.VisualScripting.IonicZip.dll
Native extension for WindowsStandalone target not found
Native extension for Android target not found
Refreshing native plugins compatible for Editor in 2.30 ms, found 3 plugins.
Preloading 0 native plugins for Editor in 0.00 ms.
Mono: successfully reloaded assembly
- Completed reload, in  3.321 seconds
Domain Reload Profiling:
	ReloadAssembly (3323ms)
		BeginReloadAssembly (557ms)
			ExecutionOrderSort (0ms)
			DisableScriptedObjects (14ms)
			BackupInstance (0ms)
			ReleaseScriptingObjects (0ms)
			CreateAndSetChildDomain (125ms)
		EndReloadAssembly (2477ms)
			LoadAssemblies (423ms)
			RebuildTransferFunctionScriptingTraits (0ms)
			SetupTypeCache (680ms)
			ReleaseScriptCaches (4ms)
			RebuildScriptCaches (258ms)
			SetupLoadedEditorAssemblies (976ms)
				LogAssemblyErrors (0ms)
				InitializePlatformSupportModulesInManaged (60ms)
				SetLoadedEditorAssemblies (1ms)
				RefreshPlugins (3ms)
				BeforeProcessingInitializeOnLoad (187ms)
				ProcessInitializeOnLoadAttributes (643ms)
				ProcessInitializeOnLoadMethodAttributes (53ms)
				AfterProcessingInitializeOnLoad (29ms)
				EditorAssembliesLoaded (1ms)
			ExecutionOrderSort2 (0ms)
			AwakeInstancesAfterBackupRestoration (15ms)
Platform modules already initialized, skipping
Refreshing native plugins compatible for Editor in 8.30 ms, found 3 plugins.
Preloading 0 native plugins for Editor in 0.00 ms.
Unloading 3156 Unused Serialized files (Serialized files now loaded: 0)
Unloading 29 unused Assets / (0.7 MB). Loaded Objects now: 3699.
Memory consumption went from 118.5 MB to 117.8 MB.
Total: 8.828700 ms (FindLiveObjects: 0.740700 ms CreateObjectMapping: 0.276800 ms MarkObjects: 6.854000 ms  DeleteObjects: 0.953800 ms)

AssetImportParameters requested are different than current active one (requested -> active):
  custom:video-decoder-ogg-theora: a1e56fd34408186e4bbccfd4996cb3dc -> 
  custom:container-muxer-webm: aa71ff27fc2769a1b78a27578f13a17b -> 
  custom:container-demuxer-webm: 4f35f7cbe854078d1ac9338744f61a02 -> 
  custom:video-encoder-webm-vp8: eb34c28f22e8b96e1ab97ce403110664 -> 
  custom:video-codec-MediaFoundation-h265: 746d11721c4dcdbdad8f713fa42b33f4 -> 
  custom:audio-encoder-webm-vorbis: bf7c407c2cedff20999df2af8eb42d56 -> 
  custom:framework-win-MediaFoundation: 216162199b28c13a410421893ffa2e32 -> 
  custom:container-demuxer-ogg: 62fdf1f143b41e24485cea50d1cbac27 -> 
  custom:video-decoder-webm-vp8: 9c59270c3fd7afecdb556c50c9e8de78 -> 
  custom:audio-decoder-ogg-vorbis: bf7c407c2cedff20999df2af8eb42d56 -> 
========================================================================
Received Prepare
Registering precompiled user dll's ...
Registered in 0.016495 seconds.
Begin MonoManager ReloadAssembly
Symbol file LoadedFromMemory doesn't match image C:\Users\mohit\winner\Library\PackageCache\com.unity.visualscripting@1.8.0\Editor\VisualScripting.Core\Dependencies\YamlDotNet\Unity.VisualScripting.YamlDotNet.dll
Symbol file LoadedFromMemory doesn't match image C:\Users\mohit\winner\Library\PackageCache\com.unity.visualscripting@1.8.0\Editor\VisualScripting.Core\Dependencies\DotNetZip\Unity.VisualScripting.IonicZip.dll
Native extension for WindowsStandalone target not found
Native extension for Android target not found
Refreshing native plugins compatible for Editor in 3.41 ms, found 3 plugins.
Preloading 0 native plugins for Editor in 0.00 ms.
Mono: successfully reloaded assembly
- Completed reload, in  3.046 seconds
Domain Reload Profiling:
	ReloadAssembly (3049ms)
		BeginReloadAssembly (402ms)
			ExecutionOrderSort (0ms)
			DisableScriptedObjects (10ms)
			BackupInstance (0ms)
			ReleaseScriptingObjects (0ms)
			CreateAndSetChildDomain (96ms)
		EndReloadAssembly (2351ms)
			LoadAssemblies (326ms)
			RebuildTransferFunctionScriptingTraits (0ms)
			SetupTypeCache (761ms)
			ReleaseScriptCaches (6ms)
			RebuildScriptCaches (125ms)
			SetupLoadedEditorAssemblies (992ms)
				LogAssemblyErrors (0ms)
				InitializePlatformSupportModulesInManaged (66ms)
				SetLoadedEditorAssemblies (2ms)
				RefreshPlugins (4ms)
				BeforeProcessingInitializeOnLoad (198ms)
				ProcessInitializeOnLoadAttributes (640ms)
				ProcessInitializeOnLoadMethodAttributes (52ms)
				AfterProcessingInitializeOnLoad (29ms)
				EditorAssembliesLoaded (1ms)
			ExecutionOrderSort2 (0ms)
			AwakeInstancesAfterBackupRestoration (14ms)
Platform modules already initialized, skipping
Refreshing native plugins compatible for Editor in 4.39 ms, found 3 plugins.
Preloading 0 native plugins for Editor in 0.00 ms.
Unloading 3156 Unused Serialized files (Serialized files now loaded: 0)
Unloading 29 unused Assets / (0.7 MB). Loaded Objects now: 3703.
Memory consumption went from 118.5 MB to 117.8 MB.
Total: 5.881400 ms (FindLiveObjects: 0.447700 ms CreateObjectMapping: 0.204100 ms MarkObjects: 4.651800 ms  DeleteObjects: 0.576000 ms)

AssetImportParameters requested are different than current active one (requested -> active):
  custom:video-decoder-ogg-theora: a1e56fd34408186e4bbccfd4996cb3dc -> 
  custom:container-muxer-webm: aa71ff27fc2769a1b78a27578f13a17b -> 
  custom:container-demuxer-webm: 4f35f7cbe854078d1ac9338744f61a02 -> 
  custom:video-encoder-webm-vp8: eb34c28f22e8b96e1ab97ce403110664 -> 
  custom:video-codec-MediaFoundation-h265: 746d11721c4dcdbdad8f713fa42b33f4 -> 
  custom:audio-encoder-webm-vorbis: bf7c407c2cedff20999df2af8eb42d56 -> 
  custom:framework-win-MediaFoundation: 216162199b28c13a410421893ffa2e32 -> 
  custom:container-demuxer-ogg: 62fdf1f143b41e24485cea50d1cbac27 -> 
  custom:video-decoder-webm-vp8: 9c59270c3fd7afecdb556c50c9e8de78 -> 
  custom:audio-decoder-ogg-vorbis: bf7c407c2cedff20999df2af8eb42d56 -> 
========================================================================
Received Prepare
Registering precompiled user dll's ...
Registered in 0.017850 seconds.
Begin MonoManager ReloadAssembly
Symbol file LoadedFromMemory doesn't match image C:\Users\mohit\winner\Library\PackageCache\com.unity.visualscripting@1.8.0\Editor\VisualScripting.Core\Dependencies\YamlDotNet\Unity.VisualScripting.YamlDotNet.dll
Symbol file LoadedFromMemory doesn't match image C:\Users\mohit\winner\Library\PackageCache\com.unity.visualscripting@1.8.0\Editor\VisualScripting.Core\Dependencies\DotNetZip\Unity.VisualScripting.IonicZip.dll
Native extension for WindowsStandalone target not found
Native extension for Android target not found
Refreshing native plugins compatible for Editor in 1.74 ms, found 3 plugins.
Preloading 0 native plugins for Editor in 0.00 ms.
Mono: successfully reloaded assembly
- Completed reload, in  3.878 seconds
Domain Reload Profiling:
	ReloadAssembly (3880ms)
		BeginReloadAssembly (808ms)
			ExecutionOrderSort (0ms)
			DisableScriptedObjects (17ms)
			BackupInstance (0ms)
			ReleaseScriptingObjects (0ms)
			CreateAndSetChildDomain (157ms)
		EndReloadAssembly (2725ms)
			LoadAssemblies (596ms)
			RebuildTransferFunctionScriptingTraits (0ms)
			SetupTypeCache (868ms)
			ReleaseScriptCaches (5ms)
			RebuildScriptCaches (277ms)
			SetupLoadedEditorAssemblies (987ms)
				LogAssemblyErrors (0ms)
				InitializePlatformSupportModulesInManaged (66ms)
				SetLoadedEditorAssemblies (1ms)
				RefreshPlugins (2ms)
				BeforeProcessingInitializeOnLoad (203ms)
				ProcessInitializeOnLoadAttributes (611ms)
				ProcessInitializeOnLoadMethodAttributes (70ms)
				AfterProcessingInitializeOnLoad (32ms)
				EditorAssembliesLoaded (1ms)
			ExecutionOrderSort2 (0ms)
			AwakeInstancesAfterBackupRestoration (21ms)
Platform modules already initialized, skipping
Refreshing native plugins compatible for Editor in 66.54 ms, found 3 plugins.
Preloading 0 native plugins for Editor in 0.00 ms.
Unloading 3156 Unused Serialized files (Serialized files now loaded: 0)
Unloading 29 unused Assets / (0.7 MB). Loaded Objects now: 3707.
Memory consumption went from 118.5 MB to 117.8 MB.
Total: 40.061800 ms (FindLiveObjects: 1.236700 ms CreateObjectMapping: 1.078500 ms MarkObjects: 36.358100 ms  DeleteObjects: 1.384300 ms)

AssetImportParameters requested are different than current active one (requested -> active):
  custom:video-decoder-ogg-theora: a1e56fd34408186e4bbccfd4996cb3dc -> 
  custom:container-muxer-webm: aa71ff27fc2769a1b78a27578f13a17b -> 
  custom:container-demuxer-webm: 4f35f7cbe854078d1ac9338744f61a02 -> 
  custom:video-encoder-webm-vp8: eb34c28f22e8b96e1ab97ce403110664 -> 
  custom:video-codec-MediaFoundation-h265: 746d11721c4dcdbdad8f713fa42b33f4 -> 
  custom:audio-encoder-webm-vorbis: bf7c407c2cedff20999df2af8eb42d56 -> 
  custom:framework-win-MediaFoundation: 216162199b28c13a410421893ffa2e32 -> 
  custom:container-demuxer-ogg: 62fdf1f143b41e24485cea50d1cbac27 -> 
  custom:video-decoder-webm-vp8: 9c59270c3fd7afecdb556c50c9e8de78 -> 
  custom:audio-decoder-ogg-vorbis: bf7c407c2cedff20999df2af8eb42d56 -> 
========================================================================
Received Prepare
Registering precompiled user dll's ...
Registered in 0.008001 seconds.
Begin MonoManager ReloadAssembly
Symbol file LoadedFromMemory doesn't match image C:\Users\mohit\winner\Library\PackageCache\com.unity.visualscripting@1.8.0\Editor\VisualScripting.Core\Dependencies\YamlDotNet\Unity.VisualScripting.YamlDotNet.dll
Symbol file LoadedFromMemory doesn't match image C:\Users\mohit\winner\Library\PackageCache\com.unity.visualscripting@1.8.0\Editor\VisualScripting.Core\Dependencies\DotNetZip\Unity.VisualScripting.IonicZip.dll
Native extension for WindowsStandalone target not found
Native extension for Android target not found
Refreshing native plugins compatible for Editor in 1.44 ms, found 3 plugins.
Preloading 0 native plugins for Editor in 0.00 ms.
Mono: successfully reloaded assembly
- Completed reload, in  3.281 seconds
Domain Reload Profiling:
	ReloadAssembly (3282ms)
		BeginReloadAssembly (912ms)
			ExecutionOrderSort (0ms)
			DisableScriptedObjects (6ms)
			BackupInstance (0ms)
			ReleaseScriptingObjects (0ms)
			CreateAndSetChildDomain (43ms)
		EndReloadAssembly (2041ms)
			LoadAssemblies (147ms)
			RebuildTransferFunctionScriptingTraits (0ms)
			SetupTypeCache (343ms)
			ReleaseScriptCaches (2ms)
			RebuildScriptCaches (77ms)
			SetupLoadedEditorAssemblies (1342ms)
				LogAssemblyErrors (0ms)
				InitializePlatformSupportModulesInManaged (85ms)
				SetLoadedEditorAssemblies (1ms)
				RefreshPlugins (2ms)
				BeforeProcessingInitializeOnLoad (182ms)
				ProcessInitializeOnLoadAttributes (1026ms)
				ProcessInitializeOnLoadMethodAttributes (29ms)
				AfterProcessingInitializeOnLoad (18ms)
				EditorAssembliesLoaded (0ms)
			ExecutionOrderSort2 (0ms)
			AwakeInstancesAfterBackupRestoration (10ms)
Platform modules already initialized, skipping
Refreshing native plugins compatible for Editor in 37.60 ms, found 3 plugins.
Preloading 0 native plugins for Editor in 0.00 ms.
Unloading 3156 Unused Serialized files (Serialized files now loaded: 0)
Unloading 29 unused Assets / (0.7 MB). Loaded Objects now: 3711.
Memory consumption went from 118.5 MB to 117.8 MB.
Total: 6.578900 ms (FindLiveObjects: 0.481900 ms CreateObjectMapping: 0.201800 ms MarkObjects: 4.813800 ms  DeleteObjects: 1.079300 ms)

AssetImportParameters requested are different than current active one (requested -> active):
  custom:video-decoder-ogg-theora: a1e56fd34408186e4bbccfd4996cb3dc -> 
  custom:container-muxer-webm: aa71ff27fc2769a1b78a27578f13a17b -> 
  custom:container-demuxer-webm: 4f35f7cbe854078d1ac9338744f61a02 -> 
  custom:video-encoder-webm-vp8: eb34c28f22e8b96e1ab97ce403110664 -> 
  custom:video-codec-MediaFoundation-h265: 746d11721c4dcdbdad8f713fa42b33f4 -> 
  custom:audio-encoder-webm-vorbis: bf7c407c2cedff20999df2af8eb42d56 -> 
  custom:framework-win-MediaFoundation: 216162199b28c13a410421893ffa2e32 -> 
  custom:container-demuxer-ogg: 62fdf1f143b41e24485cea50d1cbac27 -> 
  custom:video-decoder-webm-vp8: 9c59270c3fd7afecdb556c50c9e8de78 -> 
  custom:audio-decoder-ogg-vorbis: bf7c407c2cedff20999df2af8eb42d56 -> 
========================================================================
Received Prepare
Registering precompiled user dll's ...
Registered in 0.011422 seconds.
Begin MonoManager ReloadAssembly
Symbol file LoadedFromMemory doesn't match image C:\Users\mohit\winner\Library\PackageCache\com.unity.visualscripting@1.8.0\Editor\VisualScripting.Core\Dependencies\YamlDotNet\Unity.VisualScripting.YamlDotNet.dll
Symbol file LoadedFromMemory doesn't match image C:\Users\mohit\winner\Library\PackageCache\com.unity.visualscripting@1.8.0\Editor\VisualScripting.Core\Dependencies\DotNetZip\Unity.VisualScripting.IonicZip.dll
Native extension for WindowsStandalone target not found
Native extension for Android target not found
Refreshing native plugins compatible for Editor in 2.20 ms, found 3 plugins.
Preloading 0 native plugins for Editor in 0.00 ms.
Mono: successfully reloaded assembly
- Completed reload, in  2.565 seconds
Domain Reload Profiling:
	ReloadAssembly (2567ms)
		BeginReloadAssembly (682ms)
			ExecutionOrderSort (0ms)
			DisableScriptedObjects (7ms)
			BackupInstance (0ms)
			ReleaseScriptingObjects (0ms)
			CreateAndSetChildDomain (251ms)
		EndReloadAssembly (1579ms)
			LoadAssemblies (386ms)
			RebuildTransferFunctionScriptingTraits (0ms)
			SetupTypeCache (479ms)
			ReleaseScriptCaches (1ms)
			RebuildScriptCaches (54ms)
			SetupLoadedEditorAssemblies (725ms)
				LogAssemblyErrors (0ms)
				InitializePlatformSupportModulesInManaged (40ms)
				SetLoadedEditorAssemblies (1ms)
				RefreshPlugins (3ms)
				BeforeProcessingInitializeOnLoad (185ms)
				ProcessInitializeOnLoadAttributes (414ms)
				ProcessInitializeOnLoadMethodAttributes (40ms)
				AfterProcessingInitializeOnLoad (43ms)
				EditorAssembliesLoaded (1ms)
			ExecutionOrderSort2 (0ms)
			AwakeInstancesAfterBackupRestoration (10ms)
Platform modules already initialized, skipping
Refreshing native plugins compatible for Editor in 5.47 ms, found 3 plugins.
Preloading 0 native plugins for Editor in 0.00 ms.
Unloading 3156 Unused Serialized files (Serialized files now loaded: 0)
Unloading 29 unused Assets / (0.7 MB). Loaded Objects now: 3715.
Memory consumption went from 118.5 MB to 117.8 MB.
Total: 6.997700 ms (FindLiveObjects: 0.788800 ms CreateObjectMapping: 0.163700 ms MarkObjects: 5.075200 ms  DeleteObjects: 0.966600 ms)

AssetImportParameters requested are different than current active one (requested -> active):
  custom:video-decoder-ogg-theora: a1e56fd34408186e4bbccfd4996cb3dc -> 
  custom:container-muxer-webm: aa71ff27fc2769a1b78a27578f13a17b -> 
  custom:container-demuxer-webm: 4f35f7cbe854078d1ac9338744f61a02 -> 
  custom:video-encoder-webm-vp8: eb34c28f22e8b96e1ab97ce403110664 -> 
  custom:video-codec-MediaFoundation-h265: 746d11721c4dcdbdad8f713fa42b33f4 -> 
  custom:audio-encoder-webm-vorbis: bf7c407c2cedff20999df2af8eb42d56 -> 
  custom:framework-win-MediaFoundation: 216162199b28c13a410421893ffa2e32 -> 
  custom:container-demuxer-ogg: 62fdf1f143b41e24485cea50d1cbac27 -> 
  custom:video-decoder-webm-vp8: 9c59270c3fd7afecdb556c50c9e8de78 -> 
  custom:audio-decoder-ogg-vorbis: bf7c407c2cedff20999df2af8eb42d56 -> 
========================================================================
Received Prepare
Refreshing native plugins compatible for Editor in 337.14 ms, found 3 plugins.
Preloading 0 native plugins for Editor in 0.00 ms.
Unloading 29 Unused Serialized files (Serialized files now loaded: 0)
Unloading 29 unused Assets / (0.7 MB). Loaded Objects now: 3715.
Memory consumption went from 55.9 MB to 55.2 MB.
Total: 142.622000 ms (FindLiveObjects: 1.179400 ms CreateObjectMapping: 0.131900 ms MarkObjects: 140.486700 ms  DeleteObjects: 0.821900 ms)

AssetImportParameters requested are different than current active one (requested -> active):
  custom:video-decoder-ogg-theora: a1e56fd34408186e4bbccfd4996cb3dc -> 
  custom:container-muxer-webm: aa71ff27fc2769a1b78a27578f13a17b -> 
  custom:container-demuxer-webm: 4f35f7cbe854078d1ac9338744f61a02 -> 
  custom:video-encoder-webm-vp8: eb34c28f22e8b96e1ab97ce403110664 -> 
  custom:video-codec-MediaFoundation-h265: 746d11721c4dcdbdad8f713fa42b33f4 -> 
  custom:audio-encoder-webm-vorbis: bf7c407c2cedff20999df2af8eb42d56 -> 
  custom:framework-win-MediaFoundation: 216162199b28c13a410421893ffa2e32 -> 
  custom:container-demuxer-ogg: 62fdf1f143b41e24485cea50d1cbac27 -> 
  custom:video-decoder-webm-vp8: 9c59270c3fd7afecdb556c50c9e8de78 -> 
  custom:audio-decoder-ogg-vorbis: bf7c407c2cedff20999df2af8eb42d56 -> 
